[22:31:04] 开始下载，共 549 条视频，每视频最多 200 条评论
[22:33:12] 进度: 13/549 (2.4%) | 失败: 0 | 已用: 2分8秒
[22:35:46] 进度: 25/549 (4.6%) | 失败: 0 | 已用: 4分42秒
[22:38:15] 进度: 41/549 (7.5%) | 失败: 0 | 已用: 7分11秒
  失败 7498801146971213102: The read operation timed out
[22:40:34] 进度: 42/549 (7.7%) | 失败: 1 | 已用: 9分30秒
[22:42:35] 进度: 52/549 (9.5%) | 失败: 1 | 已用: 11分31秒
[22:44:40] 进度: 65/549 (11.8%) | 失败: 1 | 已用: 13分36秒
[22:46:44] 进度: 75/549 (13.7%) | 失败: 1 | 已用: 15分40秒
[22:49:15] 进度: 82/549 (14.9%) | 失败: 1 | 已用: 18分10秒
[22:51:23] 进度: 90/549 (16.4%) | 失败: 1 | 已用: 20分19秒
[22:53:25] 进度: 97/549 (17.7%) | 失败: 1 | 已用: 22分21秒
[22:55:34] 进度: 109/549 (19.9%) | 失败: 1 | 已用: 24分30秒
[22:57:42] 进度: 125/549 (22.8%) | 失败: 1 | 已用: 26分37秒
[22:59:43] 进度: 137/549 (25.0%) | 失败: 1 | 已用: 28分39秒
[23:02:00] 进度: 150/549 (27.3%) | 失败: 1 | 已用: 30分56秒
[23:04:17] 进度: 163/549 (29.7%) | 失败: 1 | 已用: 33分13秒
[23:06:25] 进度: 172/549 (31.3%) | 失败: 1 | 已用: 35分20秒
[23:08:55] 进度: 184/549 (33.5%) | 失败: 1 | 已用: 37分50秒
[23:11:00] 进度: 197/549 (35.9%) | 失败: 1 | 已用: 39分56秒
  失败 7557954756971433229: The read operation timed out
[23:13:51] 进度: 206/549 (37.5%) | 失败: 2 | 已用: 42分47秒
[23:16:07] 进度: 219/549 (39.9%) | 失败: 2 | 已用: 45分3秒
  失败 7593094470795529486: <urlopen error [WinError 10054] 远程主机强迫关闭了一个现有的连接。>
  失败 7553284588353670430: <urlopen error [Errno 11001] getaddrinfo failed>
[23:18:40] 进度: 229/549 (41.7%) | 失败: 4 | 已用: 47分36秒
[23:20:42] 进度: 276/549 (50.3%) | 失败: 4 | 已用: 49分37秒
[23:22:44] 进度: 318/549 (57.9%) | 失败: 4 | 已用: 51分40秒
[23:24:46] 进度: 356/549 (64.8%) | 失败: 4 | 已用: 53分42秒
[23:26:47] 进度: 400/549 (72.9%) | 失败: 4 | 已用: 55分43秒
[23:28:48] 进度: 446/549 (81.2%) | 失败: 4 | 已用: 57分44秒
[23:30:51] 进度: 489/549 (89.1%) | 失败: 4 | 已用: 59分47秒
[23:32:53] 进度: 539/549 (98.2%) | 失败: 4 | 已用: 61分49秒
[23:33:24] 全部完成！成功 545，失败 4，耗时 62分20秒
